<?xml version="1.0" encoding="UTF-8"?>
<!-- Generated by org.testng.reporters.JUnitXMLReporter -->
<testsuite ignored="0" hostname="xmchelap462" failures="0" tests="5" name="ChromeTest" time="2.163" errors="0" timestamp="2025-07-08T22:43:22 IST">
  <testcase classname="Tests.LoginTest" name="@BeforeMethod loadLoginPage" time="0.002">
    <failure type="java.lang.NullPointerException" message="Cannot invoke &amp;quot;org.openqa.selenium.WebDriver.get(String)&amp;quot; because &amp;quot;this.driver&amp;quot; is null">
      <![CDATA[java.lang.NullPointerException: Cannot invoke "org.openqa.selenium.WebDriver.get(String)" because "this.driver" is null
at WebDriverBase.BrowserUtils.get(BrowserUtils.java:39)
at Tests.LoginTest.loadLoginPage(LoginTest.java:17)
at java.base/java.util.ArrayList.forEach(ArrayList.java:1596)
... Removed 29 stack frames]]>
    </failure>
  </testcase> <!-- @BeforeMethod loadLoginPage -->
  <testcase classname="Tests.LoginTest" name="@BeforeMethod loadLoginPage" time="-1.751994802822E9">
    <skipped/>
  </testcase> <!-- @BeforeMethod loadLoginPage -->
  <testcase classname="Tests.LoginTest" name="@BeforeMethod loadLoginPage" time="-1.751994802834E9">
    <skipped/>
  </testcase> <!-- @BeforeMethod loadLoginPage -->
  <testcase classname="Tests.LoginTest" name="@BeforeMethod loadLoginPage" time="-1.75199480284E9">
    <skipped/>
  </testcase> <!-- @BeforeMethod loadLoginPage -->
  <testcase classname="Tests.LoginTest" name="@BeforeMethod loadLoginPage" time="-1.751994802846E9">
    <skipped/>
  </testcase> <!-- @BeforeMethod loadLoginPage -->
  <testcase classname="WebDriverBase.BaseDriver" name="@AfterClass teardownBrowser" time="-1.751994802858E9">
    <skipped/>
  </testcase> <!-- @AfterClass teardownBrowser -->
  <testcase classname="Tests.LoginTest" name="testLogin" time="0.0">
    <skipped/>
  </testcase> <!-- testLogin -->
  <testcase classname="Tests.LoginTest" name="testLogin" time="0.0">
    <skipped/>
  </testcase> <!-- testLogin -->
  <testcase classname="Tests.LoginTest" name="testLogin" time="0.001">
    <skipped/>
  </testcase> <!-- testLogin -->
  <testcase classname="Tests.LoginTest" name="testLogin" time="0.0">
    <skipped/>
  </testcase> <!-- testLogin -->
  <testcase classname="Tests.LoginTest" name="testLogin" time="0.0">
    <skipped/>
  </testcase> <!-- testLogin -->
</testsuite> <!-- ChromeTest -->
